1724774740.608611 client started (1273447): version 3.3a, socket /tmp/tmux-0/default, protocol 8
1724774740.608802 on Linux 5.18.0-kali5-amd64 #1 SMP PREEMPT_DYNAMIC Debian 5.18.5-1kali6 (2022-07-07)
1724774740.608853 using libevent 2.1.12-stable (poll); ncurses 6.4
1724774740.609006 flags are 0x18000000
1724774740.609212 socket is /tmp/tmux-0/default
1724774740.609288 trying connect
1724774740.609551 connect failed: Connection refused
1724774740.609622 lock file is /tmp/tmux-0/default.lock
1724774740.609872 flock succeeded
1724774740.609920 got lock (6)
1724774740.609981 trying connect
1724774740.610064 connect failed: Connection refused
1724774740.611135 add peer 0x55b69bd0d040: 7 ((nil))
1724774740.613222 sending message 100 to peer 0x55b69bd0d040 (4 bytes)
1724774740.613309 sending message 111 to peer 0x55b69bd0d040 (8 bytes)
1724774740.613363 sending message 101 to peer 0x55b69bd0d040 (15 bytes)
1724774740.613414 sending message 109 to peer 0x55b69bd0d040 (4 bytes)
1724774740.613466 sending message 102 to peer 0x55b69bd0d040 (12 bytes)
1724774740.613557 sending message 108 to peer 0x55b69bd0d040 (30 bytes)
1724774740.613608 sending message 112 to peer 0x55b69bd0d040 (58 bytes)
1724774740.613660 sending message 112 to peer 0x55b69bd0d040 (5 bytes)
1724774740.613712 sending message 112 to peer 0x55b69bd0d040 (5 bytes)
1724774740.613765 sending message 112 to peer 0x55b69bd0d040 (6 bytes)
1724774740.613817 sending message 112 to peer 0x55b69bd0d040 (6 bytes)
1724774740.613868 sending message 112 to peer 0x55b69bd0d040 (11 bytes)
1724774740.613920 sending message 112 to peer 0x55b69bd0d040 (10 bytes)
1724774740.613974 sending message 112 to peer 0x55b69bd0d040 (13 bytes)
1724774740.614029 sending message 112 to peer 0x55b69bd0d040 (14 bytes)
1724774740.614082 sending message 112 to peer 0x55b69bd0d040 (19 bytes)
1724774740.614132 sending message 112 to peer 0x55b69bd0d040 (11 bytes)
1724774740.614184 sending message 112 to peer 0x55b69bd0d040 (10 bytes)
1724774740.614236 sending message 112 to peer 0x55b69bd0d040 (15 bytes)
1724774740.614287 sending message 112 to peer 0x55b69bd0d040 (21 bytes)
1724774740.614338 sending message 112 to peer 0x55b69bd0d040 (13 bytes)
1724774740.614389 sending message 112 to peer 0x55b69bd0d040 (7 bytes)
1724774740.614441 sending message 112 to peer 0x55b69bd0d040 (13 bytes)
1724774740.614762 sending message 112 to peer 0x55b69bd0d040 (7 bytes)
1724774740.614815 sending message 112 to peer 0x55b69bd0d040 (13 bytes)
1724774740.614865 sending message 112 to peer 0x55b69bd0d040 (9 bytes)
1724774740.614917 sending message 112 to peer 0x55b69bd0d040 (21 bytes)
1724774740.614969 sending message 112 to peer 0x55b69bd0d040 (13 bytes)
1724774740.615018 sending message 112 to peer 0x55b69bd0d040 (9 bytes)
1724774740.615358 sending message 112 to peer 0x55b69bd0d040 (16 bytes)
1724774740.615467 sending message 112 to peer 0x55b69bd0d040 (13 bytes)
1724774740.615744 sending message 112 to peer 0x55b69bd0d040 (9 bytes)
1724774740.615795 sending message 112 to peer 0x55b69bd0d040 (9 bytes)
1724774740.615845 sending message 112 to peer 0x55b69bd0d040 (12 bytes)
1724774740.615896 sending message 112 to peer 0x55b69bd0d040 (8 bytes)
1724774740.615945 sending message 112 to peer 0x55b69bd0d040 (8 bytes)
1724774740.615994 sending message 112 to peer 0x55b69bd0d040 (13 bytes)
1724774740.616045 sending message 112 to peer 0x55b69bd0d040 (7 bytes)
1724774740.616095 sending message 112 to peer 0x55b69bd0d040 (7 bytes)
1724774740.616158 sending message 112 to peer 0x55b69bd0d040 (9 bytes)
1724774740.616268 sending message 112 to peer 0x55b69bd0d040 (9 bytes)
1724774740.616319 sending message 112 to peer 0x55b69bd0d040 (15 bytes)
1724774740.616369 sending message 112 to peer 0x55b69bd0d040 (13 bytes)
1724774740.616420 sending message 112 to peer 0x55b69bd0d040 (12 bytes)
1724774740.616863 sending message 112 to peer 0x55b69bd0d040 (8 bytes)
1724774740.616927 sending message 112 to peer 0x55b69bd0d040 (14 bytes)
1724774740.617037 sending message 112 to peer 0x55b69bd0d040 (11 bytes)
1724774740.617090 sending message 112 to peer 0x55b69bd0d040 (9 bytes)
1724774740.617301 sending message 112 to peer 0x55b69bd0d040 (10 bytes)
1724774740.617356 sending message 112 to peer 0x55b69bd0d040 (10 bytes)
1724774740.618867 sending message 112 to peer 0x55b69bd0d040 (10 bytes)
1724774740.619017 sending message 112 to peer 0x55b69bd0d040 (10 bytes)
1724774740.619220 sending message 112 to peer 0x55b69bd0d040 (11 bytes)
1724774740.619280 sending message 112 to peer 0x55b69bd0d040 (12 bytes)
1724774740.619332 sending message 112 to peer 0x55b69bd0d040 (12 bytes)
1724774740.619385 sending message 112 to peer 0x55b69bd0d040 (12 bytes)
1724774740.619438 sending message 112 to peer 0x55b69bd0d040 (12 bytes)
1724774740.619555 sending message 112 to peer 0x55b69bd0d040 (12 bytes)
1724774740.619599 sending message 112 to peer 0x55b69bd0d040 (11 bytes)
1724774740.619642 sending message 112 to peer 0x55b69bd0d040 (11 bytes)
1724774740.619686 sending message 112 to peer 0x55b69bd0d040 (12 bytes)
1724774740.619730 sending message 112 to peer 0x55b69bd0d040 (12 bytes)
1724774740.619773 sending message 112 to peer 0x55b69bd0d040 (12 bytes)
1724774740.619818 sending message 112 to peer 0x55b69bd0d040 (12 bytes)
1724774740.619866 sending message 112 to peer 0x55b69bd0d040 (12 bytes)
1724774740.619917 sending message 112 to peer 0x55b69bd0d040 (9 bytes)
1724774740.619962 sending message 112 to peer 0x55b69bd0d040 (12 bytes)
1724774740.620014 sending message 112 to peer 0x55b69bd0d040 (13 bytes)
1724774740.620271 sending message 112 to peer 0x55b69bd0d040 (13 bytes)
1724774740.620318 sending message 112 to peer 0x55b69bd0d040 (13 bytes)
1724774740.620363 sending message 112 to peer 0x55b69bd0d040 (13 bytes)
1724774740.620407 sending message 112 to peer 0x55b69bd0d040 (13 bytes)
1724774740.620450 sending message 112 to peer 0x55b69bd0d040 (8 bytes)
1724774740.620493 sending message 112 to peer 0x55b69bd0d040 (11 bytes)
1724774740.620616 sending message 112 to peer 0x55b69bd0d040 (11 bytes)
1724774740.620660 sending message 112 to peer 0x55b69bd0d040 (11 bytes)
1724774740.620704 sending message 112 to peer 0x55b69bd0d040 (12 bytes)
1724774740.620758 sending message 112 to peer 0x55b69bd0d040 (12 bytes)
1724774740.620855 sending message 112 to peer 0x55b69bd0d040 (12 bytes)
1724774740.620899 sending message 112 to peer 0x55b69bd0d040 (12 bytes)
1724774740.621000 sending message 112 to peer 0x55b69bd0d040 (13 bytes)
1724774740.621045 sending message 112 to peer 0x55b69bd0d040 (13 bytes)
1724774740.621242 sending message 112 to peer 0x55b69bd0d040 (13 bytes)
1724774740.621292 sending message 112 to peer 0x55b69bd0d040 (8 bytes)
1724774740.621339 sending message 112 to peer 0x55b69bd0d040 (13 bytes)
1724774740.621383 sending message 112 to peer 0x55b69bd0d040 (13 bytes)
1724774740.621428 sending message 112 to peer 0x55b69bd0d040 (13 bytes)
1724774740.621474 sending message 112 to peer 0x55b69bd0d040 (13 bytes)
1724774740.621546 sending message 112 to peer 0x55b69bd0d040 (13 bytes)
1724774740.621591 sending message 112 to peer 0x55b69bd0d040 (12 bytes)
1724774740.621638 sending message 112 to peer 0x55b69bd0d040 (12 bytes)
1724774740.621685 sending message 112 to peer 0x55b69bd0d040 (12 bytes)
1724774740.621731 sending message 112 to peer 0x55b69bd0d040 (12 bytes)
1724774740.621776 sending message 112 to peer 0x55b69bd0d040 (13 bytes)
1724774740.621821 sending message 112 to peer 0x55b69bd0d040 (8 bytes)
1724774740.621866 sending message 112 to peer 0x55b69bd0d040 (13 bytes)
1724774740.621912 sending message 112 to peer 0x55b69bd0d040 (13 bytes)
1724774740.621958 sending message 112 to peer 0x55b69bd0d040 (13 bytes)
1724774740.622004 sending message 112 to peer 0x55b69bd0d040 (13 bytes)
1724774740.622050 sending message 112 to peer 0x55b69bd0d040 (13 bytes)
1724774740.622096 sending message 112 to peer 0x55b69bd0d040 (13 bytes)
1724774740.622140 sending message 112 to peer 0x55b69bd0d040 (13 bytes)
1724774740.622185 sending message 112 to peer 0x55b69bd0d040 (12 bytes)
1724774740.622230 sending message 112 to peer 0x55b69bd0d040 (12 bytes)
1724774740.622276 sending message 112 to peer 0x55b69bd0d040 (12 bytes)
1724774740.622350 sending message 112 to peer 0x55b69bd0d040 (8 bytes)
1724774740.622396 sending message 112 to peer 0x55b69bd0d040 (12 bytes)
1724774740.622440 sending message 112 to peer 0x55b69bd0d040 (13 bytes)
1724774740.622502 sending message 112 to peer 0x55b69bd0d040 (13 bytes)
1724774740.622606 sending message 112 to peer 0x55b69bd0d040 (13 bytes)
1724774740.622650 sending message 112 to peer 0x55b69bd0d040 (13 bytes)
1724774740.622696 sending message 112 to peer 0x55b69bd0d040 (13 bytes)
1724774740.622741 sending message 112 to peer 0x55b69bd0d040 (13 bytes)
1724774740.622785 sending message 112 to peer 0x55b69bd0d040 (13 bytes)
1724774740.622831 sending message 112 to peer 0x55b69bd0d040 (13 bytes)
1724774740.622877 sending message 112 to peer 0x55b69bd0d040 (12 bytes)
1724774740.622924 sending message 112 to peer 0x55b69bd0d040 (10 bytes)
1724774740.622971 sending message 112 to peer 0x55b69bd0d040 (12 bytes)
1724774740.623017 sending message 112 to peer 0x55b69bd0d040 (12 bytes)
1724774740.623063 sending message 112 to peer 0x55b69bd0d040 (12 bytes)
1724774740.623108 sending message 112 to peer 0x55b69bd0d040 (13 bytes)
1724774740.623154 sending message 112 to peer 0x55b69bd0d040 (13 bytes)
1724774740.623199 sending message 112 to peer 0x55b69bd0d040 (13 bytes)
1724774740.623244 sending message 112 to peer 0x55b69bd0d040 (13 bytes)
1724774740.623290 sending message 112 to peer 0x55b69bd0d040 (13 bytes)
1724774740.623335 sending message 112 to peer 0x55b69bd0d040 (13 bytes)
1724774740.623381 sending message 112 to peer 0x55b69bd0d040 (13 bytes)
1724774740.623486 sending message 112 to peer 0x55b69bd0d040 (10 bytes)
1724774740.623558 sending message 112 to peer 0x55b69bd0d040 (13 bytes)
1724774740.623604 sending message 112 to peer 0x55b69bd0d040 (12 bytes)
1724774740.623649 sending message 112 to peer 0x55b69bd0d040 (12 bytes)
1724774740.623693 sending message 112 to peer 0x55b69bd0d040 (12 bytes)
1724774740.623738 sending message 112 to peer 0x55b69bd0d040 (10 bytes)
1724774740.623784 sending message 112 to peer 0x55b69bd0d040 (10 bytes)
1724774740.623830 sending message 112 to peer 0x55b69bd0d040 (10 bytes)
1724774740.623875 sending message 112 to peer 0x55b69bd0d040 (12 bytes)
1724774740.623920 sending message 112 to peer 0x55b69bd0d040 (13 bytes)
1724774740.623966 sending message 112 to peer 0x55b69bd0d040 (13 bytes)
1724774740.624072 sending message 112 to peer 0x55b69bd0d040 (13 bytes)
1724774740.624116 sending message 112 to peer 0x55b69bd0d040 (13 bytes)
1724774740.624165 sending message 112 to peer 0x55b69bd0d040 (13 bytes)
1724774740.624212 sending message 112 to peer 0x55b69bd0d040 (10 bytes)
1724774740.624257 sending message 112 to peer 0x55b69bd0d040 (11 bytes)
1724774740.624305 sending message 112 to peer 0x55b69bd0d040 (12 bytes)
1724774740.624350 sending message 112 to peer 0x55b69bd0d040 (12 bytes)
1724774740.624456 sending message 112 to peer 0x55b69bd0d040 (12 bytes)
1724774740.624507 sending message 112 to peer 0x55b69bd0d040 (12 bytes)
1724774740.624553 sending message 112 to peer 0x55b69bd0d040 (12 bytes)
1724774740.624597 sending message 112 to peer 0x55b69bd0d040 (11 bytes)
1724774740.624641 sending message 112 to peer 0x55b69bd0d040 (12 bytes)
1724774740.624739 sending message 112 to peer 0x55b69bd0d040 (12 bytes)
1724774740.624782 sending message 112 to peer 0x55b69bd0d040 (13 bytes)
1724774740.624836 sending message 112 to peer 0x55b69bd0d040 (13 bytes)
1724774740.624935 sending message 112 to peer 0x55b69bd0d040 (13 bytes)
1724774740.624979 sending message 112 to peer 0x55b69bd0d040 (13 bytes)
1724774740.625079 sending message 112 to peer 0x55b69bd0d040 (13 bytes)
1724774740.625123 sending message 112 to peer 0x55b69bd0d040 (10 bytes)
1724774740.625655 sending message 112 to peer 0x55b69bd0d040 (9 bytes)
1724774740.625719 sending message 112 to peer 0x55b69bd0d040 (12 bytes)
1724774740.625764 sending message 112 to peer 0x55b69bd0d040 (13 bytes)
1724774740.625808 sending message 112 to peer 0x55b69bd0d040 (13 bytes)
1724774740.625853 sending message 112 to peer 0x55b69bd0d040 (13 bytes)
1724774740.625918 sending message 112 to peer 0x55b69bd0d040 (13 bytes)
1724774740.625962 sending message 112 to peer 0x55b69bd0d040 (13 bytes)
1724774740.626008 sending message 112 to peer 0x55b69bd0d040 (9 bytes)
1724774740.626052 sending message 112 to peer 0x55b69bd0d040 (12 bytes)
1724774740.626096 sending message 112 to peer 0x55b69bd0d040 (13 bytes)
1724774740.626140 sending message 112 to peer 0x55b69bd0d040 (13 bytes)
1724774740.626184 sending message 112 to peer 0x55b69bd0d040 (13 bytes)
1724774740.626227 sending message 112 to peer 0x55b69bd0d040 (13 bytes)
1724774740.626271 sending message 112 to peer 0x55b69bd0d040 (13 bytes)
1724774740.626314 sending message 112 to peer 0x55b69bd0d040 (11 bytes)
1724774740.626359 sending message 112 to peer 0x55b69bd0d040 (12 bytes)
1724774740.626402 sending message 112 to peer 0x55b69bd0d040 (13 bytes)
1724774740.626446 sending message 112 to peer 0x55b69bd0d040 (13 bytes)
1724774740.626491 sending message 112 to peer 0x55b69bd0d040 (13 bytes)
1724774740.626742 sending message 112 to peer 0x55b69bd0d040 (13 bytes)
1724774740.626798 sending message 112 to peer 0x55b69bd0d040 (13 bytes)
1724774740.626852 sending message 112 to peer 0x55b69bd0d040 (11 bytes)
1724774740.626905 sending message 112 to peer 0x55b69bd0d040 (12 bytes)
1724774740.626958 sending message 112 to peer 0x55b69bd0d040 (12 bytes)
1724774740.627008 sending message 112 to peer 0x55b69bd0d040 (12 bytes)
1724774740.627058 sending message 112 to peer 0x55b69bd0d040 (12 bytes)
1724774740.627109 sending message 112 to peer 0x55b69bd0d040 (12 bytes)
1724774740.627161 sending message 112 to peer 0x55b69bd0d040 (21 bytes)
1724774740.627224 sending message 112 to peer 0x55b69bd0d040 (12 bytes)
1724774740.627290 sending message 112 to peer 0x55b69bd0d040 (9 bytes)
1724774740.627355 sending message 112 to peer 0x55b69bd0d040 (6 bytes)
1724774740.627408 sending message 112 to peer 0x55b69bd0d040 (13 bytes)
1724774740.633323 sending message 112 to peer 0x55b69bd0d040 (10 bytes)
1724774740.633682 sending message 112 to peer 0x55b69bd0d040 (24 bytes)
1724774740.633731 sending message 112 to peer 0x55b69bd0d040 (13 bytes)
1724774740.633776 sending message 112 to peer 0x55b69bd0d040 (9 bytes)
1724774740.633820 sending message 112 to peer 0x55b69bd0d040 (70 bytes)
1724774740.633864 sending message 112 to peer 0x55b69bd0d040 (69 bytes)
1724774740.633907 sending message 112 to peer 0x55b69bd0d040 (12 bytes)
1724774740.633952 sending message 112 to peer 0x55b69bd0d040 (10 bytes)
1724774740.633996 sending message 112 to peer 0x55b69bd0d040 (10 bytes)
1724774740.634040 sending message 112 to peer 0x55b69bd0d040 (24 bytes)
1724774740.634084 sending message 112 to peer 0x55b69bd0d040 (13 bytes)
1724774740.634127 sending message 112 to peer 0x55b69bd0d040 (10 bytes)
1724774740.634173 sending message 112 to peer 0x55b69bd0d040 (10 bytes)
1724774740.634218 sending message 112 to peer 0x55b69bd0d040 (10 bytes)
1724774740.634262 sending message 112 to peer 0x55b69bd0d040 (13 bytes)
1724774740.634305 sending message 112 to peer 0x55b69bd0d040 (15 bytes)
1724774740.634349 sending message 112 to peer 0x55b69bd0d040 (5 bytes)
1724774740.634395 sending message 104 to peer 0x55b69bd0d040 (0 bytes)
1724774740.634440 sending message 110 to peer 0x55b69bd0d040 (0 bytes)
1724774740.634503 sending message 107 to peer 0x55b69bd0d040 (4 bytes)
1724774740.634605 sending message 105 to peer 0x55b69bd0d040 (15 bytes)
1724774740.634650 sending message 105 to peer 0x55b69bd0d040 (20 bytes)
1724774740.634693 sending message 105 to peer 0x55b69bd0d040 (35 bytes)
1724774740.634737 sending message 105 to peer 0x55b69bd0d040 (13 bytes)
1724774740.634781 sending message 105 to peer 0x55b69bd0d040 (30 bytes)
1724774740.634825 sending message 105 to peer 0x55b69bd0d040 (11 bytes)
1724774740.634870 sending message 105 to peer 0x55b69bd0d040 (11 bytes)
1724774740.634914 sending message 105 to peer 0x55b69bd0d040 (18 bytes)
1724774740.634959 sending message 105 to peer 0x55b69bd0d040 (13 bytes)
1724774740.635003 sending message 105 to peer 0x55b69bd0d040 (94 bytes)
1724774740.635075 sending message 105 to peer 0x55b69bd0d040 (16 bytes)
1724774740.635120 sending message 105 to peer 0x55b69bd0d040 (30 bytes)
1724774740.635164 sending message 105 to peer 0x55b69bd0d040 (27 bytes)
1724774740.635212 sending message 105 to peer 0x55b69bd0d040 (27 bytes)
1724774740.635258 sending message 105 to peer 0x55b69bd0d040 (19 bytes)
1724774740.635303 sending message 105 to peer 0x55b69bd0d040 (20 bytes)
1724774740.635348 sending message 105 to peer 0x55b69bd0d040 (10 bytes)
1724774740.635393 sending message 105 to peer 0x55b69bd0d040 (11 bytes)
1724774740.635541 sending message 105 to peer 0x55b69bd0d040 (37 bytes)
1724774740.635667 sending message 105 to peer 0x55b69bd0d040 (8 bytes)
1724774740.635715 sending message 105 to peer 0x55b69bd0d040 (34 bytes)
1724774740.635867 sending message 105 to peer 0x55b69bd0d040 (46 bytes)
1724774740.635936 sending message 105 to peer 0x55b69bd0d040 (1529 bytes)
1724774740.636036 sending message 105 to peer 0x55b69bd0d040 (24 bytes)
1724774740.636155 sending message 105 to peer 0x55b69bd0d040 (24 bytes)
1724774740.636208 sending message 105 to peer 0x55b69bd0d040 (21 bytes)
1724774740.636262 sending message 105 to peer 0x55b69bd0d040 (25 bytes)
1724774740.636316 sending message 105 to peer 0x55b69bd0d040 (21 bytes)
1724774740.636371 sending message 105 to peer 0x55b69bd0d040 (24 bytes)
1724774740.636440 sending message 105 to peer 0x55b69bd0d040 (21 bytes)
1724774740.636699 sending message 105 to peer 0x55b69bd0d040 (49 bytes)
1724774740.636764 sending message 105 to peer 0x55b69bd0d040 (16 bytes)
1724774740.636831 sending message 106 to peer 0x55b69bd0d040 (0 bytes)
1724774740.637192 cmd_pack_argv: argv[0]=new-session
1724774740.637384 cmd_pack_argv: argv[1]=-s
1724774740.637438 cmd_pack_argv: argv[2]=optimal_planner_web_app
1724774740.637532 cmd_pack_argv: argv[3]=-c
1724774740.637583 cmd_pack_argv: argv[4]=./frontend
1724774740.637630 cmd_pack_argv: argv[5]=-d
1724774740.637681 cmd_pack_argv: argv[6]=python3 -m op_web_app
1724774740.637735 sending message 200 to peer 0x55b69bd0d040 (82 bytes)
1724774740.637790 client loop enter
1724774740.637902 client_signal: Child exited
1724774741.470348 peer 0x55b69bd0d040 message 203
1724774741.470450 client loop exit
