1724774745.715762 client started (1273478): version 3.3a, socket /tmp/tmux-0/default, protocol 8
1724774745.716065 on Linux 5.18.0-kali5-amd64 #1 SMP PREEMPT_DYNAMIC Debian 5.18.5-1kali6 (2022-07-07)
1724774745.716125 using libevent 2.1.12-stable (poll); ncurses 6.4
1724774745.716266 flags are 0x18000000
1724774745.716314 socket is /tmp/tmux-0/default
1724774745.716485 trying connect
1724774745.716562 connect failed: Connection refused
1724774745.716627 lock file is /tmp/tmux-0/default.lock
1724774745.716821 flock succeeded
1724774745.716931 got lock (6)
1724774745.716989 trying connect
1724774745.717125 connect failed: Connection refused
1724774745.718420 add peer 0x563f74484040: 7 ((nil))
1724774745.720239 sending message 100 to peer 0x563f74484040 (4 bytes)
1724774745.720332 sending message 111 to peer 0x563f74484040 (8 bytes)
1724774745.720388 sending message 101 to peer 0x563f74484040 (15 bytes)
1724774745.720454 sending message 109 to peer 0x563f74484040 (4 bytes)
1724774745.720601 sending message 102 to peer 0x563f74484040 (12 bytes)
1724774745.720655 sending message 108 to peer 0x563f74484040 (30 bytes)
1724774745.720707 sending message 112 to peer 0x563f74484040 (58 bytes)
1724774745.720833 sending message 112 to peer 0x563f74484040 (5 bytes)
1724774745.720886 sending message 112 to peer 0x563f74484040 (5 bytes)
1724774745.721002 sending message 112 to peer 0x563f74484040 (6 bytes)
1724774745.721045 sending message 112 to peer 0x563f74484040 (6 bytes)
1724774745.721235 sending message 112 to peer 0x563f74484040 (11 bytes)
1724774745.721279 sending message 112 to peer 0x563f74484040 (10 bytes)
1724774745.721324 sending message 112 to peer 0x563f74484040 (13 bytes)
1724774745.721367 sending message 112 to peer 0x563f74484040 (14 bytes)
1724774745.721648 sending message 112 to peer 0x563f74484040 (19 bytes)
1724774745.721677 sending message 112 to peer 0x563f74484040 (11 bytes)
1724774745.722134 sending message 112 to peer 0x563f74484040 (10 bytes)
1724774745.722179 sending message 112 to peer 0x563f74484040 (15 bytes)
1724774745.722227 sending message 112 to peer 0x563f74484040 (21 bytes)
1724774745.722283 sending message 112 to peer 0x563f74484040 (13 bytes)
1724774745.722339 sending message 112 to peer 0x563f74484040 (7 bytes)
1724774745.722394 sending message 112 to peer 0x563f74484040 (13 bytes)
1724774745.722555 sending message 112 to peer 0x563f74484040 (7 bytes)
1724774745.722864 sending message 112 to peer 0x563f74484040 (13 bytes)
1724774745.723125 sending message 112 to peer 0x563f74484040 (9 bytes)
1724774745.723181 sending message 112 to peer 0x563f74484040 (21 bytes)
1724774745.723237 sending message 112 to peer 0x563f74484040 (13 bytes)
1724774745.723294 sending message 112 to peer 0x563f74484040 (9 bytes)
1724774745.723347 sending message 112 to peer 0x563f74484040 (16 bytes)
1724774745.723634 sending message 112 to peer 0x563f74484040 (13 bytes)
1724774745.723807 sending message 112 to peer 0x563f74484040 (9 bytes)
1724774745.723882 sending message 112 to peer 0x563f74484040 (9 bytes)
1724774745.723934 sending message 112 to peer 0x563f74484040 (12 bytes)
1724774745.723988 sending message 112 to peer 0x563f74484040 (8 bytes)
1724774745.724124 sending message 112 to peer 0x563f74484040 (8 bytes)
1724774745.724180 sending message 112 to peer 0x563f74484040 (13 bytes)
1724774745.724236 sending message 112 to peer 0x563f74484040 (7 bytes)
1724774745.724302 sending message 112 to peer 0x563f74484040 (7 bytes)
1724774745.724360 sending message 112 to peer 0x563f74484040 (9 bytes)
1724774745.724443 sending message 112 to peer 0x563f74484040 (9 bytes)
1724774745.724566 sending message 112 to peer 0x563f74484040 (15 bytes)
1724774745.724617 sending message 112 to peer 0x563f74484040 (13 bytes)
1724774745.724671 sending message 112 to peer 0x563f74484040 (12 bytes)
1724774745.724796 sending message 112 to peer 0x563f74484040 (8 bytes)
1724774745.724848 sending message 112 to peer 0x563f74484040 (14 bytes)
1724774745.724970 sending message 112 to peer 0x563f74484040 (11 bytes)
1724774745.725292 sending message 112 to peer 0x563f74484040 (9 bytes)
1724774745.725395 sending message 112 to peer 0x563f74484040 (10 bytes)
1724774745.725476 sending message 112 to peer 0x563f74484040 (10 bytes)
1724774745.725533 sending message 112 to peer 0x563f74484040 (10 bytes)
1724774745.725585 sending message 112 to peer 0x563f74484040 (10 bytes)
1724774745.725637 sending message 112 to peer 0x563f74484040 (11 bytes)
1724774745.725688 sending message 112 to peer 0x563f74484040 (12 bytes)
1724774745.725741 sending message 112 to peer 0x563f74484040 (12 bytes)
1724774745.725797 sending message 112 to peer 0x563f74484040 (12 bytes)
1724774745.725855 sending message 112 to peer 0x563f74484040 (12 bytes)
1724774745.725913 sending message 112 to peer 0x563f74484040 (12 bytes)
1724774745.725969 sending message 112 to peer 0x563f74484040 (11 bytes)
1724774745.726024 sending message 112 to peer 0x563f74484040 (11 bytes)
1724774745.726080 sending message 112 to peer 0x563f74484040 (12 bytes)
1724774745.726134 sending message 112 to peer 0x563f74484040 (12 bytes)
1724774745.726191 sending message 112 to peer 0x563f74484040 (12 bytes)
1724774745.726250 sending message 112 to peer 0x563f74484040 (12 bytes)
1724774745.726306 sending message 112 to peer 0x563f74484040 (12 bytes)
1724774745.726362 sending message 112 to peer 0x563f74484040 (9 bytes)
1724774745.726421 sending message 112 to peer 0x563f74484040 (12 bytes)
1724774745.726473 sending message 112 to peer 0x563f74484040 (13 bytes)
1724774745.732074 sending message 112 to peer 0x563f74484040 (13 bytes)
1724774745.732215 sending message 112 to peer 0x563f74484040 (13 bytes)
1724774745.738429 sending message 112 to peer 0x563f74484040 (13 bytes)
1724774745.738757 sending message 112 to peer 0x563f74484040 (13 bytes)
1724774745.739065 sending message 112 to peer 0x563f74484040 (8 bytes)
1724774745.739603 sending message 112 to peer 0x563f74484040 (11 bytes)
1724774745.739795 sending message 112 to peer 0x563f74484040 (11 bytes)
1724774745.740044 sending message 112 to peer 0x563f74484040 (11 bytes)
1724774745.740298 sending message 112 to peer 0x563f74484040 (12 bytes)
1724774745.741262 sending message 112 to peer 0x563f74484040 (12 bytes)
1724774745.741559 sending message 112 to peer 0x563f74484040 (12 bytes)
1724774745.742158 sending message 112 to peer 0x563f74484040 (12 bytes)
1724774745.742355 sending message 112 to peer 0x563f74484040 (13 bytes)
1724774745.742616 sending message 112 to peer 0x563f74484040 (13 bytes)
1724774745.742871 sending message 112 to peer 0x563f74484040 (13 bytes)
1724774745.743479 sending message 112 to peer 0x563f74484040 (8 bytes)
1724774745.743677 sending message 112 to peer 0x563f74484040 (13 bytes)
1724774745.743932 sending message 112 to peer 0x563f74484040 (13 bytes)
1724774745.744188 sending message 112 to peer 0x563f74484040 (13 bytes)
1724774745.744801 sending message 112 to peer 0x563f74484040 (13 bytes)
1724774745.745065 sending message 112 to peer 0x563f74484040 (13 bytes)
1724774745.745651 sending message 112 to peer 0x563f74484040 (12 bytes)
1724774745.746164 sending message 112 to peer 0x563f74484040 (12 bytes)
1724774745.746359 sending message 112 to peer 0x563f74484040 (12 bytes)
1724774745.746686 sending message 112 to peer 0x563f74484040 (12 bytes)
1724774745.747005 sending message 112 to peer 0x563f74484040 (13 bytes)
1724774745.747580 sending message 112 to peer 0x563f74484040 (8 bytes)
1724774745.747869 sending message 112 to peer 0x563f74484040 (13 bytes)
1724774745.748139 sending message 112 to peer 0x563f74484040 (13 bytes)
1724774745.748859 sending message 112 to peer 0x563f74484040 (13 bytes)
1724774745.749294 sending message 112 to peer 0x563f74484040 (13 bytes)
1724774745.749617 sending message 112 to peer 0x563f74484040 (13 bytes)
1724774745.750246 sending message 112 to peer 0x563f74484040 (13 bytes)
1724774745.750551 sending message 112 to peer 0x563f74484040 (13 bytes)
1724774745.750942 sending message 112 to peer 0x563f74484040 (12 bytes)
1724774745.758940 sending message 112 to peer 0x563f74484040 (12 bytes)
1724774745.759246 sending message 112 to peer 0x563f74484040 (12 bytes)
1724774745.759570 sending message 112 to peer 0x563f74484040 (8 bytes)
1724774745.761667 sending message 112 to peer 0x563f74484040 (12 bytes)
1724774745.761878 sending message 112 to peer 0x563f74484040 (13 bytes)
1724774745.762147 sending message 112 to peer 0x563f74484040 (13 bytes)
1724774745.762514 sending message 112 to peer 0x563f74484040 (13 bytes)
1724774745.763075 sending message 112 to peer 0x563f74484040 (13 bytes)
1724774745.763290 sending message 112 to peer 0x563f74484040 (13 bytes)
1724774745.763934 sending message 112 to peer 0x563f74484040 (13 bytes)
1724774745.765881 sending message 112 to peer 0x563f74484040 (13 bytes)
1724774745.766096 sending message 112 to peer 0x563f74484040 (13 bytes)
1724774745.766366 sending message 112 to peer 0x563f74484040 (12 bytes)
1724774745.767266 sending message 112 to peer 0x563f74484040 (10 bytes)
1724774745.767521 sending message 112 to peer 0x563f74484040 (12 bytes)
1724774745.768109 sending message 112 to peer 0x563f74484040 (12 bytes)
1724774745.769963 sending message 112 to peer 0x563f74484040 (12 bytes)
1724774745.770029 sending message 112 to peer 0x563f74484040 (13 bytes)
1724774745.770074 sending message 112 to peer 0x563f74484040 (13 bytes)
1724774745.770118 sending message 112 to peer 0x563f74484040 (13 bytes)
1724774745.770165 sending message 112 to peer 0x563f74484040 (13 bytes)
1724774745.770272 sending message 112 to peer 0x563f74484040 (13 bytes)
1724774745.770320 sending message 112 to peer 0x563f74484040 (13 bytes)
1724774745.770365 sending message 112 to peer 0x563f74484040 (13 bytes)
1724774745.770447 sending message 112 to peer 0x563f74484040 (10 bytes)
1724774745.770552 sending message 112 to peer 0x563f74484040 (13 bytes)
1724774745.770597 sending message 112 to peer 0x563f74484040 (12 bytes)
1724774745.770699 sending message 112 to peer 0x563f74484040 (12 bytes)
1724774745.770744 sending message 112 to peer 0x563f74484040 (12 bytes)
1724774745.770798 sending message 112 to peer 0x563f74484040 (10 bytes)
1724774745.772451 sending message 112 to peer 0x563f74484040 (10 bytes)
1724774745.772559 sending message 112 to peer 0x563f74484040 (10 bytes)
1724774745.772604 sending message 112 to peer 0x563f74484040 (12 bytes)
1724774745.772649 sending message 112 to peer 0x563f74484040 (13 bytes)
1724774745.772696 sending message 112 to peer 0x563f74484040 (13 bytes)
1724774745.772801 sending message 112 to peer 0x563f74484040 (13 bytes)
1724774745.772846 sending message 112 to peer 0x563f74484040 (13 bytes)
1724774745.772950 sending message 112 to peer 0x563f74484040 (13 bytes)
1724774745.772997 sending message 112 to peer 0x563f74484040 (10 bytes)
1724774745.773103 sending message 112 to peer 0x563f74484040 (11 bytes)
1724774745.773148 sending message 112 to peer 0x563f74484040 (12 bytes)
1724774745.774804 sending message 112 to peer 0x563f74484040 (12 bytes)
1724774745.775991 sending message 112 to peer 0x563f74484040 (12 bytes)
1724774745.776097 sending message 112 to peer 0x563f74484040 (12 bytes)
1724774745.776150 sending message 112 to peer 0x563f74484040 (12 bytes)
1724774745.776171 sending message 112 to peer 0x563f74484040 (11 bytes)
1724774745.776241 sending message 112 to peer 0x563f74484040 (12 bytes)
1724774745.776293 sending message 112 to peer 0x563f74484040 (12 bytes)
1724774745.776415 sending message 112 to peer 0x563f74484040 (13 bytes)
1724774745.776442 sending message 112 to peer 0x563f74484040 (13 bytes)
1724774745.776502 sending message 112 to peer 0x563f74484040 (13 bytes)
1724774745.776527 sending message 112 to peer 0x563f74484040 (13 bytes)
1724774745.776551 sending message 112 to peer 0x563f74484040 (13 bytes)
1724774745.776580 sending message 112 to peer 0x563f74484040 (10 bytes)
1724774745.776630 sending message 112 to peer 0x563f74484040 (9 bytes)
1724774745.776671 sending message 112 to peer 0x563f74484040 (12 bytes)
1724774745.776778 sending message 112 to peer 0x563f74484040 (13 bytes)
1724774745.776804 sending message 112 to peer 0x563f74484040 (13 bytes)
1724774745.776831 sending message 112 to peer 0x563f74484040 (13 bytes)
1724774745.776895 sending message 112 to peer 0x563f74484040 (13 bytes)
1724774745.780171 sending message 112 to peer 0x563f74484040 (13 bytes)
1724774745.781479 sending message 112 to peer 0x563f74484040 (9 bytes)
1724774745.781551 sending message 112 to peer 0x563f74484040 (12 bytes)
1724774745.781594 sending message 112 to peer 0x563f74484040 (13 bytes)
1724774745.781638 sending message 112 to peer 0x563f74484040 (13 bytes)
1724774745.781682 sending message 112 to peer 0x563f74484040 (13 bytes)
1724774745.781726 sending message 112 to peer 0x563f74484040 (13 bytes)
1724774745.781769 sending message 112 to peer 0x563f74484040 (13 bytes)
1724774745.781812 sending message 112 to peer 0x563f74484040 (11 bytes)
1724774745.781855 sending message 112 to peer 0x563f74484040 (12 bytes)
1724774745.781898 sending message 112 to peer 0x563f74484040 (13 bytes)
1724774745.781943 sending message 112 to peer 0x563f74484040 (13 bytes)
1724774745.782017 sending message 112 to peer 0x563f74484040 (13 bytes)
1724774745.782062 sending message 112 to peer 0x563f74484040 (13 bytes)
1724774745.782106 sending message 112 to peer 0x563f74484040 (13 bytes)
1724774745.782150 sending message 112 to peer 0x563f74484040 (11 bytes)
1724774745.782194 sending message 112 to peer 0x563f74484040 (12 bytes)
1724774745.782238 sending message 112 to peer 0x563f74484040 (12 bytes)
1724774745.782283 sending message 112 to peer 0x563f74484040 (12 bytes)
1724774745.782386 sending message 112 to peer 0x563f74484040 (12 bytes)
1724774745.782429 sending message 112 to peer 0x563f74484040 (12 bytes)
1724774745.782479 sending message 112 to peer 0x563f74484040 (21 bytes)
1724774745.782524 sending message 112 to peer 0x563f74484040 (12 bytes)
1724774745.782567 sending message 112 to peer 0x563f74484040 (9 bytes)
1724774745.782613 sending message 112 to peer 0x563f74484040 (6 bytes)
1724774745.782657 sending message 112 to peer 0x563f74484040 (13 bytes)
1724774745.782711 sending message 112 to peer 0x563f74484040 (10 bytes)
1724774745.785478 sending message 112 to peer 0x563f74484040 (24 bytes)
1724774745.785704 sending message 112 to peer 0x563f74484040 (13 bytes)
1724774745.785751 sending message 112 to peer 0x563f74484040 (9 bytes)
1724774745.785796 sending message 112 to peer 0x563f74484040 (70 bytes)
1724774745.786049 sending message 112 to peer 0x563f74484040 (69 bytes)
1724774745.786230 sending message 112 to peer 0x563f74484040 (12 bytes)
1724774745.786410 sending message 112 to peer 0x563f74484040 (10 bytes)
1724774745.786649 sending message 112 to peer 0x563f74484040 (10 bytes)
1724774745.786828 sending message 112 to peer 0x563f74484040 (24 bytes)
1724774745.787021 sending message 112 to peer 0x563f74484040 (13 bytes)
1724774745.787203 sending message 112 to peer 0x563f74484040 (10 bytes)
1724774745.787382 sending message 112 to peer 0x563f74484040 (10 bytes)
1724774745.787623 sending message 112 to peer 0x563f74484040 (10 bytes)
1724774745.787808 sending message 112 to peer 0x563f74484040 (13 bytes)
1724774745.788786 sending message 112 to peer 0x563f74484040 (15 bytes)
1724774745.791378 sending message 112 to peer 0x563f74484040 (5 bytes)
1724774745.791580 sending message 104 to peer 0x563f74484040 (0 bytes)
1724774745.791822 sending message 110 to peer 0x563f74484040 (0 bytes)
1724774745.792104 sending message 107 to peer 0x563f74484040 (4 bytes)
1724774745.792224 sending message 105 to peer 0x563f74484040 (15 bytes)
1724774745.792246 sending message 105 to peer 0x563f74484040 (20 bytes)
1724774745.792629 sending message 105 to peer 0x563f74484040 (35 bytes)
1724774745.792772 sending message 105 to peer 0x563f74484040 (13 bytes)
1724774745.793138 sending message 105 to peer 0x563f74484040 (30 bytes)
1724774745.793241 sending message 105 to peer 0x563f74484040 (11 bytes)
1724774745.793625 sending message 105 to peer 0x563f74484040 (11 bytes)
1724774745.796295 sending message 105 to peer 0x563f74484040 (18 bytes)
1724774745.796829 sending message 105 to peer 0x563f74484040 (13 bytes)
1724774745.797425 sending message 105 to peer 0x563f74484040 (94 bytes)
1724774745.798592 sending message 105 to peer 0x563f74484040 (16 bytes)
1724774745.799489 sending message 105 to peer 0x563f74484040 (30 bytes)
1724774745.800031 sending message 105 to peer 0x563f74484040 (27 bytes)
1724774745.800333 sending message 105 to peer 0x563f74484040 (27 bytes)
1724774745.803397 sending message 105 to peer 0x563f74484040 (19 bytes)
1724774745.804684 sending message 105 to peer 0x563f74484040 (20 bytes)
1724774745.805219 sending message 105 to peer 0x563f74484040 (10 bytes)
1724774745.805505 sending message 105 to peer 0x563f74484040 (11 bytes)
1724774745.807627 sending message 105 to peer 0x563f74484040 (37 bytes)
1724774745.808023 sending message 105 to peer 0x563f74484040 (8 bytes)
1724774745.808813 sending message 105 to peer 0x563f74484040 (34 bytes)
1724774745.810154 sending message 105 to peer 0x563f74484040 (46 bytes)
1724774745.810480 sending message 105 to peer 0x563f74484040 (1529 bytes)
1724774745.811524 sending message 105 to peer 0x563f74484040 (24 bytes)
1724774745.811592 sending message 105 to peer 0x563f74484040 (24 bytes)
1724774745.811647 sending message 105 to peer 0x563f74484040 (21 bytes)
1724774745.811714 sending message 105 to peer 0x563f74484040 (25 bytes)
1724774745.811833 sending message 105 to peer 0x563f74484040 (21 bytes)
1724774745.811886 sending message 105 to peer 0x563f74484040 (24 bytes)
1724774745.811945 sending message 105 to peer 0x563f74484040 (21 bytes)
1724774745.812067 sending message 105 to peer 0x563f74484040 (49 bytes)
1724774745.812120 sending message 105 to peer 0x563f74484040 (16 bytes)
1724774745.812242 sending message 106 to peer 0x563f74484040 (0 bytes)
1724774745.814511 cmd_pack_argv: argv[0]=new-session
1724774745.815404 cmd_pack_argv: argv[1]=-s
1724774745.815614 cmd_pack_argv: argv[2]=optimal_planner_web_app
1724774745.816725 cmd_pack_argv: argv[3]=-c
1724774745.819197 cmd_pack_argv: argv[4]=./frontend
1724774745.821590 cmd_pack_argv: argv[5]=-d
1724774745.821649 cmd_pack_argv: argv[6]=python3 -m op_web_app
1724774745.821697 sending message 200 to peer 0x563f74484040 (82 bytes)
1724774745.821747 client loop enter
1724774745.821935 client_signal: Child exited
1724774746.704113 peer 0x563f74484040 message 203
1724774746.704327 client loop exit
